<?xml version="1.0" encoding="UTF-8"?>
<!-- Generated by org.testng.reporters.JUnitXMLReporter -->
<testsuite ignored="2" hostname="LAPTOP-IOFBFF8P" failures="0" tests="1" name="Default test" time="35.875" errors="0" timestamp="22 Apr 2021 06:36:55 GMT">
  <testcase classname="seleniumDemo.ScrollIntoViewDemo" name="ScrollIntoViewMiddleTest" time="8.473"/>
  <testcase classname="seleniumDemo.ScrollIntoViewDemo" name="ScrollIntoViewFalseArguementTest" time="0.0">
    <ignored/>
  </testcase> <!-- ScrollIntoViewFalseArguementTest -->
  <testcase classname="seleniumDemo.ScrollIntoViewDemo" name="ScrollIntoViewTrueArguementTest" time="0.0">
    <ignored/>
  </testcase> <!-- ScrollIntoViewTrueArguementTest -->
</testsuite> <!-- Default test -->
