<?xml version="1.0" encoding="UTF-8"?>
<!-- Generated by org.testng.reporters.JUnitXMLReporter -->
<testsuite ignored="1" hostname="LAPTOP-IOFBFF8P" failures="0" tests="1" name="Default test" time="17.19" errors="0" timestamp="26 Apr 2021 05:58:39 GMT">
  <testcase classname="seleniumDemo.SendKeysAlternative" name="DemoTestExample2" time="6.741"/>
  <testcase classname="seleniumDemo.SendKeysAlternative" name="DemoTestExample1" time="0.0">
    <ignored/>
  </testcase> <!-- DemoTestExample1 -->
</testsuite> <!-- Default test -->
