<?xml version="1.0" encoding="UTF-8"?>
<!-- Generated by org.testng.reporters.JUnitXMLReporter -->
<testsuite ignored="3" hostname="LAPTOP-IOFBFF8P" failures="0" tests="1" name="Test 2" time="28.056" errors="0" timestamp="23 Mar 2021 08:19:09 GMT">
  <testcase classname="seleniumDemo.TestNG_Priority" name="TestMethod4" time="0.008"/>
  <testcase classname="seleniumDemo.TestNG_Priority" name="TestMethod1" time="0.0">
    <ignored/>
  </testcase> <!-- TestMethod1 -->
  <testcase classname="seleniumDemo.TestNG_Priority" name="TestMethod2" time="0.0">
    <ignored/>
  </testcase> <!-- TestMethod2 -->
  <testcase classname="seleniumDemo.TestNG_Priority" name="TestMethod3" time="0.0">
    <ignored/>
  </testcase> <!-- TestMethod3 -->
</testsuite> <!-- Test 2 -->
