<?xml version="1.0" encoding="UTF-8"?>
<!-- Generated by org.testng.reporters.JUnitXMLReporter -->
<testsuite ignored="0" hostname="LAPTOP-IOFBFF8P" failures="0" tests="6" name="Test 1" time="131.673" errors="0" timestamp="23 Mar 2021 08:18:40 GMT">
  <testcase classname="seleniumDemo.TestNG_Groups" name="TestMethod1" time="0.022"/>
  <testcase classname="seleniumDemo.TestNG_Groups" name="TestMethod2" time="0.008"/>
  <testcase classname="seleniumDemo.TestNG_Groups" name="TestMethod3" time="0.012"/>
  <testcase classname="seleniumDemo.TestNG_Groups" name="TestMethod4" time="0.009"/>
  <testcase classname="seleniumDemo.TestNG_Groups" name="TestMethod5" time="0.009"/>
  <testcase classname="seleniumDemo.TestNG_Groups" name="TestMethod6" time="0.016"/>
</testsuite> <!-- Test 1 -->
