<?xml version="1.0" encoding="UTF-8"?>
<!-- Generated by org.testng.reporters.JUnitXMLReporter -->
<testsuite ignored="2" hostname="LAPTOP-IOFBFF8P" failures="0" tests="4" name="Test" time="91.449" errors="0" timestamp="23 Mar 2021 07:55:24 GMT">
  <testcase classname="seleniumDemo.TestNG_Groups" name="TestMethod1" time="0.028"/>
  <testcase classname="seleniumDemo.TestNG_Groups" name="TestMethod2" time="0.013"/>
  <testcase classname="seleniumDemo.TestNG_Groups" name="TestMethod3" time="0.006"/>
  <testcase classname="seleniumDemo.TestNG_Groups" name="TestMethod6" time="0.011"/>
  <testcase classname="seleniumDemo.TestNG_Groups" name="TestMethod5" time="0.0">
    <ignored/>
  </testcase> <!-- TestMethod5 -->
  <testcase classname="seleniumDemo.TestNG_Groups" name="TestMethod4" time="0.0">
    <ignored/>
  </testcase> <!-- TestMethod4 -->
</testsuite> <!-- Test -->
