<?xml version="1.0" encoding="UTF-8"?>
<!-- Generated by org.testng.reporters.JUnitXMLReporter -->
<testsuite ignored="5" hostname="LAPTOP-IOFBFF8P" failures="0" tests="1" name="Test 1" time="14.765" errors="0" timestamp="25 Mar 2021 06:58:48 GMT">
  <testcase classname="seleniumDemo.TestNG_Groups" name="TestMethod5" time="0.021"/>
  <testcase classname="seleniumDemo.TestNG_Groups" name="TestMethod2" time="0.0">
    <ignored/>
  </testcase> <!-- TestMethod2 -->
  <testcase classname="seleniumDemo.TestNG_Groups" name="TestMethod1" time="0.0">
    <ignored/>
  </testcase> <!-- TestMethod1 -->
  <testcase classname="seleniumDemo.TestNG_Groups" name="TestMethod3" time="0.0">
    <ignored/>
  </testcase> <!-- TestMethod3 -->
  <testcase classname="seleniumDemo.TestNG_Groups" name="TestMethod6" time="0.0">
    <ignored/>
  </testcase> <!-- TestMethod6 -->
  <testcase classname="seleniumDemo.TestNG_Groups" name="TestMethod4" time="0.0">
    <ignored/>
  </testcase> <!-- TestMethod4 -->
</testsuite> <!-- Test 1 -->
