<?xml version="1.0" encoding="UTF-8"?>
<testng-results ignored="0" total="4" passed="4" failed="0" skipped="0">
  <reporter-output>
    <line>
      <![CDATA[Inside the setUp() method]]>
    </line>
    <line>
      <![CDATA[Launched Firefox Driver & Opened URL -> https://www.demoqa.com/tool-tips]]>
    </line>
    <line>
      <![CDATA[Inside Test Method - 1 | Page title is -> ToolsQA]]>
    </line>
    <line>
      <![CDATA[Inside the tearDown() method]]>
    </line>
    <line>
      <![CDATA[Quit the Browser]]>
    </line>
    <line>
      <![CDATA[Inside the setUp() method]]>
    </line>
    <line>
      <![CDATA[Launched Firefox Driver & Opened URL -> https://www.demoqa.com/tool-tips]]>
    </line>
    <line>
      <![CDATA[Inside Test Method - 4 | Page title is -> ToolsQA]]>
    </line>
    <line>
      <![CDATA[Inside the tearDown() method]]>
    </line>
    <line>
      <![CDATA[Quit the Browser]]>
    </line>
    <line>
      <![CDATA[Inside the setUp() method]]>
    </line>
    <line>
      <![CDATA[Launched Firefox Driver & Opened URL -> https://www.demoqa.com/tool-tips]]>
    </line>
    <line>
      <![CDATA[Inside Test Method - 2 | Page title is -> ToolsQA]]>
    </line>
    <line>
      <![CDATA[Inside the tearDown() method]]>
    </line>
    <line>
      <![CDATA[Quit the Browser]]>
    </line>
    <line>
      <![CDATA[Inside the setUp() method]]>
    </line>
    <line>
      <![CDATA[Launched Firefox Driver & Opened URL -> https://www.demoqa.com/tool-tips]]>
    </line>
    <line>
      <![CDATA[Inside Test Method - 3 | Page title is -> ToolsQA]]>
    </line>
    <line>
      <![CDATA[Inside the tearDown() method]]>
    </line>
    <line>
      <![CDATA[Quit the Browser]]>
    </line>
  </reporter-output>
  <suite started-at="2021-03-22T06:40:55Z" name="Default suite" finished-at="2021-03-22T06:42:36Z" duration-ms="101218">
    <groups>
    </groups>
    <test started-at="2021-03-22T06:40:55Z" name="Default test" finished-at="2021-03-22T06:42:36Z" duration-ms="101218">
      <class name="seleniumDemo.TestNG_Priority">
        <test-method is-config="true" signature="setUp()[pri:0, instance:seleniumDemo.TestNG_Priority@11fc564b]" started-at="2021-03-22T06:40:55Z" name="setUp" finished-at="2021-03-22T06:41:14Z" duration-ms="19607" status="PASS">
          <reporter-output>
            <line>
              <![CDATA[Inside the setUp() method]]>
            </line>
            <line>
              <![CDATA[Launched Firefox Driver & Opened URL -> https://www.demoqa.com/tool-tips]]>
            </line>
          </reporter-output>
        </test-method> <!-- setUp -->
        <test-method signature="TestMethod1()[pri:-1, instance:seleniumDemo.TestNG_Priority@11fc564b]" started-at="2021-03-22T06:41:14Z" name="TestMethod1" finished-at="2021-03-22T06:41:14Z" duration-ms="11" status="PASS">
          <reporter-output>
            <line>
              <![CDATA[Inside Test Method - 1 | Page title is -> ToolsQA]]>
            </line>
          </reporter-output>
        </test-method> <!-- TestMethod1 -->
        <test-method is-config="true" signature="tearDown()[pri:0, instance:seleniumDemo.TestNG_Priority@11fc564b]" started-at="2021-03-22T06:41:14Z" name="tearDown" finished-at="2021-03-22T06:41:23Z" duration-ms="8352" status="PASS">
          <reporter-output>
            <line>
              <![CDATA[Inside the tearDown() method]]>
            </line>
            <line>
              <![CDATA[Quit the Browser]]>
            </line>
          </reporter-output>
        </test-method> <!-- tearDown -->
        <test-method is-config="true" signature="setUp()[pri:0, instance:seleniumDemo.TestNG_Priority@11fc564b]" started-at="2021-03-22T06:41:23Z" name="setUp" finished-at="2021-03-22T06:41:36Z" duration-ms="13405" status="PASS">
          <reporter-output>
            <line>
              <![CDATA[Inside the setUp() method]]>
            </line>
            <line>
              <![CDATA[Launched Firefox Driver & Opened URL -> https://www.demoqa.com/tool-tips]]>
            </line>
          </reporter-output>
        </test-method> <!-- setUp -->
        <test-method signature="TestMethod4()[pri:0, instance:seleniumDemo.TestNG_Priority@11fc564b]" started-at="2021-03-22T06:41:36Z" name="TestMethod4" finished-at="2021-03-22T06:41:36Z" duration-ms="3" status="PASS">
          <reporter-output>
            <line>
              <![CDATA[Inside Test Method - 4 | Page title is -> ToolsQA]]>
            </line>
          </reporter-output>
        </test-method> <!-- TestMethod4 -->
        <test-method is-config="true" signature="tearDown()[pri:0, instance:seleniumDemo.TestNG_Priority@11fc564b]" started-at="2021-03-22T06:41:36Z" name="tearDown" finished-at="2021-03-22T06:41:48Z" duration-ms="11665" status="PASS">
          <reporter-output>
            <line>
              <![CDATA[Inside the tearDown() method]]>
            </line>
            <line>
              <![CDATA[Quit the Browser]]>
            </line>
          </reporter-output>
        </test-method> <!-- tearDown -->
        <test-method is-config="true" signature="setUp()[pri:0, instance:seleniumDemo.TestNG_Priority@11fc564b]" started-at="2021-03-22T06:41:48Z" name="setUp" finished-at="2021-03-22T06:42:02Z" duration-ms="14289" status="PASS">
          <reporter-output>
            <line>
              <![CDATA[Inside the setUp() method]]>
            </line>
            <line>
              <![CDATA[Launched Firefox Driver & Opened URL -> https://www.demoqa.com/tool-tips]]>
            </line>
          </reporter-output>
        </test-method> <!-- setUp -->
        <test-method signature="TestMethod2()[pri:1, instance:seleniumDemo.TestNG_Priority@11fc564b]" started-at="2021-03-22T06:42:02Z" name="TestMethod2" finished-at="2021-03-22T06:42:02Z" duration-ms="3" status="PASS">
          <reporter-output>
            <line>
              <![CDATA[Inside Test Method - 2 | Page title is -> ToolsQA]]>
            </line>
          </reporter-output>
        </test-method> <!-- TestMethod2 -->
        <test-method is-config="true" signature="tearDown()[pri:0, instance:seleniumDemo.TestNG_Priority@11fc564b]" started-at="2021-03-22T06:42:02Z" name="tearDown" finished-at="2021-03-22T06:42:11Z" duration-ms="8975" status="PASS">
          <reporter-output>
            <line>
              <![CDATA[Inside the tearDown() method]]>
            </line>
            <line>
              <![CDATA[Quit the Browser]]>
            </line>
          </reporter-output>
        </test-method> <!-- tearDown -->
        <test-method is-config="true" signature="setUp()[pri:0, instance:seleniumDemo.TestNG_Priority@11fc564b]" started-at="2021-03-22T06:42:11Z" name="setUp" finished-at="2021-03-22T06:42:27Z" duration-ms="15689" status="PASS">
          <reporter-output>
            <line>
              <![CDATA[Inside the setUp() method]]>
            </line>
            <line>
              <![CDATA[Launched Firefox Driver & Opened URL -> https://www.demoqa.com/tool-tips]]>
            </line>
          </reporter-output>
        </test-method> <!-- setUp -->
        <test-method signature="TestMethod3()[pri:2, instance:seleniumDemo.TestNG_Priority@11fc564b]" started-at="2021-03-22T06:42:27Z" name="TestMethod3" finished-at="2021-03-22T06:42:27Z" duration-ms="9" status="PASS">
          <reporter-output>
            <line>
              <![CDATA[Inside Test Method - 3 | Page title is -> ToolsQA]]>
            </line>
          </reporter-output>
        </test-method> <!-- TestMethod3 -->
        <test-method is-config="true" signature="tearDown()[pri:0, instance:seleniumDemo.TestNG_Priority@11fc564b]" started-at="2021-03-22T06:42:27Z" name="tearDown" finished-at="2021-03-22T06:42:36Z" duration-ms="9190" status="PASS">
          <reporter-output>
            <line>
              <![CDATA[Inside the tearDown() method]]>
            </line>
            <line>
              <![CDATA[Quit the Browser]]>
            </line>
          </reporter-output>
        </test-method> <!-- tearDown -->
      </class> <!-- seleniumDemo.TestNG_Priority -->
    </test> <!-- Default test -->
  </suite> <!-- Default suite -->
</testng-results>
