<?xml version="1.0" encoding="UTF-8"?>
<testng-results ignored="0" total="1" passed="1" failed="0" skipped="0">
  <reporter-output>
    <line>
      <![CDATA[Inside the setUp() method]]>
    </line>
    <line>
      <![CDATA[Launched Firefox Driver & Opened URL -> https://demoqa.com/frames]]>
    </line>
    <line>
      <![CDATA[----- SWITCHING USING FRAME INDEX -----]]>
    </line>
    <line>
      <![CDATA[Text Data displayed on the webpage -> Sample Iframe page There are 2 Iframes in this page. Use browser inspecter or firebug to check out the HTML source. In total you can switch between the parent frame, which is this window, and the two frames below]]>
    </line>
    <line>
      <![CDATA[Webdriver focus is shift to the First frame]]>
    </line>
    <line>
      <![CDATA[Text Data displayed on the Frame ONE -> This is a sample page]]>
    </line>
    <line>
      <![CDATA[Webdriver focus is shift to the default webpage]]>
    </line>
    <line>
      <![CDATA[Getting the header displayed on the main webpage -> Frames]]>
    </line>
    <line>
      <![CDATA[Text Data displayed on the Frame TWO -> This is a sample page]]>
    </line>
    <line>
      <![CDATA[Webdriver focus is shift to the default webpage]]>
    </line>
    <line>
      <![CDATA[Getting the header displayed on the main webpage -> Frames]]>
    </line>
    <line>
      <![CDATA[----- SWITCHING USING FRAME ID or NAME -----]]>
    </line>
    <line>
      <![CDATA[Webdriver focus is shift to the First frame]]>
    </line>
    <line>
      <![CDATA[Text Data displayed on the Frame ONE -> This is a sample page]]>
    </line>
    <line>
      <![CDATA[Webdriver focus is shift to the default webpage]]>
    </line>
    <line>
      <![CDATA[Getting the header displayed on the main webpage -> Frames]]>
    </line>
    <line>
      <![CDATA[Text Data displayed on the Frame TWO -> This is a sample page]]>
    </line>
    <line>
      <![CDATA[Webdriver focus is shift to the default webpage]]>
    </line>
    <line>
      <![CDATA[Getting the header displayed on the main webpage -> Frames]]>
    </line>
    <line>
      <![CDATA[----- SWITCHING USING FRAME WEBELEMENT (xpath) -----]]>
    </line>
    <line>
      <![CDATA[Webdriver focus is shift to the First frame]]>
    </line>
    <line>
      <![CDATA[Text Data displayed on the Frame ONE -> This is a sample page]]>
    </line>
    <line>
      <![CDATA[Webdriver focus is shift to the default webpage]]>
    </line>
    <line>
      <![CDATA[Getting the header displayed on the main webpage -> Frames]]>
    </line>
    <line>
      <![CDATA[Text Data displayed on the Frame TWO -> This is a sample page]]>
    </line>
    <line>
      <![CDATA[Webdriver focus is shift to the default webpage]]>
    </line>
    <line>
      <![CDATA[Getting the header displayed on the main webpage -> Frames]]>
    </line>
    <line>
      <![CDATA[Inside the tearDown() method]]>
    </line>
    <line>
      <![CDATA[Quit the Browser]]>
    </line>
  </reporter-output>
  <suite started-at="2021-03-12T07:13:21Z" name="Default suite" finished-at="2021-03-12T07:14:15Z" duration-ms="54268">
    <groups>
    </groups>
    <test started-at="2021-03-12T07:13:21Z" name="Default test" finished-at="2021-03-12T07:14:15Z" duration-ms="54268">
      <class name="seleniumDemo.HandlingFramesDemo">
        <test-method is-config="true" signature="setUp()[pri:0, instance:seleniumDemo.HandlingFramesDemo@17a7f733]" started-at="2021-03-12T07:13:21Z" name="setUp" finished-at="2021-03-12T07:13:41Z" duration-ms="20182" status="PASS">
          <reporter-output>
            <line>
              <![CDATA[Inside the setUp() method]]>
            </line>
            <line>
              <![CDATA[Launched Firefox Driver & Opened URL -> https://demoqa.com/frames]]>
            </line>
          </reporter-output>
        </test-method> <!-- setUp -->
        <test-method signature="SwitchFrameTestExample()[pri:0, instance:seleniumDemo.HandlingFramesDemo@17a7f733]" started-at="2021-03-12T07:13:41Z" name="SwitchFrameTestExample" finished-at="2021-03-12T07:14:11Z" duration-ms="30325" status="PASS">
          <reporter-output>
            <line>
              <![CDATA[----- SWITCHING USING FRAME INDEX -----]]>
            </line>
            <line>
              <![CDATA[Text Data displayed on the webpage -> Sample Iframe page There are 2 Iframes in this page. Use browser inspecter or firebug to check out the HTML source. In total you can switch between the parent frame, which is this window, and the two frames below]]>
            </line>
            <line>
              <![CDATA[Webdriver focus is shift to the First frame]]>
            </line>
            <line>
              <![CDATA[Text Data displayed on the Frame ONE -> This is a sample page]]>
            </line>
            <line>
              <![CDATA[Webdriver focus is shift to the default webpage]]>
            </line>
            <line>
              <![CDATA[Getting the header displayed on the main webpage -> Frames]]>
            </line>
            <line>
              <![CDATA[Text Data displayed on the Frame TWO -> This is a sample page]]>
            </line>
            <line>
              <![CDATA[Webdriver focus is shift to the default webpage]]>
            </line>
            <line>
              <![CDATA[Getting the header displayed on the main webpage -> Frames]]>
            </line>
            <line>
              <![CDATA[----- SWITCHING USING FRAME ID or NAME -----]]>
            </line>
            <line>
              <![CDATA[Webdriver focus is shift to the First frame]]>
            </line>
            <line>
              <![CDATA[Text Data displayed on the Frame ONE -> This is a sample page]]>
            </line>
            <line>
              <![CDATA[Webdriver focus is shift to the default webpage]]>
            </line>
            <line>
              <![CDATA[Getting the header displayed on the main webpage -> Frames]]>
            </line>
            <line>
              <![CDATA[Text Data displayed on the Frame TWO -> This is a sample page]]>
            </line>
            <line>
              <![CDATA[Webdriver focus is shift to the default webpage]]>
            </line>
            <line>
              <![CDATA[Getting the header displayed on the main webpage -> Frames]]>
            </line>
            <line>
              <![CDATA[----- SWITCHING USING FRAME WEBELEMENT (xpath) -----]]>
            </line>
            <line>
              <![CDATA[Webdriver focus is shift to the First frame]]>
            </line>
            <line>
              <![CDATA[Text Data displayed on the Frame ONE -> This is a sample page]]>
            </line>
            <line>
              <![CDATA[Webdriver focus is shift to the default webpage]]>
            </line>
            <line>
              <![CDATA[Getting the header displayed on the main webpage -> Frames]]>
            </line>
            <line>
              <![CDATA[Text Data displayed on the Frame TWO -> This is a sample page]]>
            </line>
            <line>
              <![CDATA[Webdriver focus is shift to the default webpage]]>
            </line>
            <line>
              <![CDATA[Getting the header displayed on the main webpage -> Frames]]>
            </line>
          </reporter-output>
        </test-method> <!-- SwitchFrameTestExample -->
        <test-method is-config="true" signature="tearDown()[pri:0, instance:seleniumDemo.HandlingFramesDemo@17a7f733]" started-at="2021-03-12T07:14:11Z" name="tearDown" finished-at="2021-03-12T07:14:15Z" duration-ms="3745" status="PASS">
          <reporter-output>
            <line>
              <![CDATA[Inside the tearDown() method]]>
            </line>
            <line>
              <![CDATA[Quit the Browser]]>
            </line>
          </reporter-output>
        </test-method> <!-- tearDown -->
      </class> <!-- seleniumDemo.HandlingFramesDemo -->
    </test> <!-- Default test -->
  </suite> <!-- Default suite -->
</testng-results>
